[debug] [2025-07-25T18:15:43.754Z] ----------------------------------------------------------------------
[debug] [2025-07-25T18:15:43.756Z] Command:       C:\Program Files\nodejs\node.exe C:\Users\phuwa\AppData\Roaming\npm\node_modules\firebase-tools\lib\bin\firebase.js init functions
[debug] [2025-07-25T18:15:43.756Z] CLI Version:   13.16.0
[debug] [2025-07-25T18:15:43.757Z] Platform:      win32
[debug] [2025-07-25T18:15:43.757Z] Node Version:  v22.5.1
[debug] [2025-07-25T18:15:43.757Z] Time:          Sat Jul 26 2025 01:15:43 GMT+0700 (Indochina Time)
[debug] [2025-07-25T18:15:43.757Z] ----------------------------------------------------------------------
[debug] 
[debug] [2025-07-25T18:15:43.760Z] >>> [apiv2][query] GET https://firebase-public.firebaseio.com/cli.json [none]
[debug] [2025-07-25T18:15:43.795Z] > command requires scopes: ["email","openid","https://www.googleapis.com/auth/cloudplatformprojects.readonly","https://www.googleapis.com/auth/firebase","https://www.googleapis.com/auth/cloud-platform"]
[debug] [2025-07-25T18:15:43.795Z] > authorizing via signed-in user (65011212193@msu.ac.th)
[info] 
     ######## #### ########  ######## ########     ###     ######  ########
     ##        ##  ##     ## ##       ##     ##  ##   ##  ##       ##
     ######    ##  ########  ######   ########  #########  ######  ######
     ##        ##  ##    ##  ##       ##     ## ##     ##       ## ##
     ##       #### ##     ## ######## ########  ##     ##  ######  ########

You're about to initialize a Firebase project in this directory:

  D:\Puppal_Back_End\Project_Puppal_Backend

[debug] [2025-07-25T18:15:44.484Z] <<< [apiv2][status] GET https://firebase-public.firebaseio.com/cli.json 200
[debug] [2025-07-25T18:15:44.484Z] <<< [apiv2][body] GET https://firebase-public.firebaseio.com/cli.json {"cloudBuildErrorAfter":1594252800000,"cloudBuildWarnAfter":1590019200000,"defaultNode10After":1594252800000,"minVersion":"3.0.5","node8DeploysDisabledAfter":1613390400000,"node8RuntimeDisabledAfter":1615809600000,"node8WarnAfter":1600128000000}
[info] 
=== Project Setup
[info] 
[info] First, let's associate this project directory with a Firebase project.
[info] You can create multiple project aliases by running firebase use --add, 
[info] but for now we'll just set up a default project.
[info] 
